[debug] [2024-08-09T01:49:30.592Z] ----------------------------------------------------------------------
[debug] [2024-08-09T01:49:30.596Z] Command:       C:\Program Files\nodejs\node.exe C:\Program Files\nodejs\node_modules\firebase-tools\lib\bin\firebase.js deploy --only functions
[debug] [2024-08-09T01:49:30.597Z] CLI Version:   13.14.0
[debug] [2024-08-09T01:49:30.597Z] Platform:      win32
[debug] [2024-08-09T01:49:30.597Z] Node Version:  v18.20.4
[debug] [2024-08-09T01:49:30.598Z] Time:          Thu Aug 08 2024 22:49:30 GMT-0300 (Horário Padrão de Brasília)
[debug] [2024-08-09T01:49:30.599Z] ----------------------------------------------------------------------
[debug] 
[debug] [2024-08-09T01:49:30.777Z] > command requires scopes: ["email","openid","https://www.googleapis.com/auth/cloudplatformprojects.readonly","https://www.googleapis.com/auth/firebase","https://www.googleapis.com/auth/cloud-platform"]
[debug] [2024-08-09T01:49:30.779Z] > authorizing via signed-in user (joannestephany@gmail.com)
[debug] [2024-08-09T01:49:30.780Z] [iam] checking project br-ipti-visao for permissions ["cloudfunctions.functions.create","cloudfunctions.functions.delete","cloudfunctions.functions.get","cloudfunctions.functions.list","cloudfunctions.functions.update","cloudfunctions.operations.get","firebase.projects.get"]
[debug] [2024-08-09T01:49:30.784Z] > refreshing access token with scopes: []
[debug] [2024-08-09T01:49:30.790Z] >>> [apiv2][query] POST https://www.googleapis.com/oauth2/v3/token [none]
[debug] [2024-08-09T01:49:30.791Z] >>> [apiv2][body] POST https://www.googleapis.com/oauth2/v3/token [omitted]
[debug] [2024-08-09T01:49:31.196Z] <<< [apiv2][status] POST https://www.googleapis.com/oauth2/v3/token 200
[debug] [2024-08-09T01:49:31.197Z] <<< [apiv2][body] POST https://www.googleapis.com/oauth2/v3/token [omitted]
[debug] [2024-08-09T01:49:31.228Z] >>> [apiv2][query] POST https://cloudresourcemanager.googleapis.com/v1/projects/br-ipti-visao:testIamPermissions [none]
[debug] [2024-08-09T01:49:31.228Z] >>> [apiv2][(partial)header] POST https://cloudresourcemanager.googleapis.com/v1/projects/br-ipti-visao:testIamPermissions x-goog-quota-user=projects/br-ipti-visao
[debug] [2024-08-09T01:49:31.228Z] >>> [apiv2][body] POST https://cloudresourcemanager.googleapis.com/v1/projects/br-ipti-visao:testIamPermissions {"permissions":["cloudfunctions.functions.create","cloudfunctions.functions.delete","cloudfunctions.functions.get","cloudfunctions.functions.list","cloudfunctions.functions.update","cloudfunctions.operations.get","firebase.projects.get"]}
[debug] [2024-08-09T01:49:32.214Z] <<< [apiv2][status] POST https://cloudresourcemanager.googleapis.com/v1/projects/br-ipti-visao:testIamPermissions 200
[debug] [2024-08-09T01:49:32.214Z] <<< [apiv2][body] POST https://cloudresourcemanager.googleapis.com/v1/projects/br-ipti-visao:testIamPermissions {"permissions":["cloudfunctions.functions.create","cloudfunctions.functions.delete","cloudfunctions.functions.get","cloudfunctions.functions.list","cloudfunctions.functions.update","cloudfunctions.operations.get","firebase.projects.get"]}
[debug] [2024-08-09T01:49:32.215Z] >>> [apiv2][query] POST https://iam.googleapis.com/v1/projects/br-ipti-visao/serviceAccounts/br-ipti-visao@appspot.gserviceaccount.com:testIamPermissions [none]
[debug] [2024-08-09T01:49:32.215Z] >>> [apiv2][body] POST https://iam.googleapis.com/v1/projects/br-ipti-visao/serviceAccounts/br-ipti-visao@appspot.gserviceaccount.com:testIamPermissions {"permissions":["iam.serviceAccounts.actAs"]}
[debug] [2024-08-09T01:49:33.296Z] <<< [apiv2][status] POST https://iam.googleapis.com/v1/projects/br-ipti-visao/serviceAccounts/br-ipti-visao@appspot.gserviceaccount.com:testIamPermissions 200
[debug] [2024-08-09T01:49:33.296Z] <<< [apiv2][body] POST https://iam.googleapis.com/v1/projects/br-ipti-visao/serviceAccounts/br-ipti-visao@appspot.gserviceaccount.com:testIamPermissions {"permissions":["iam.serviceAccounts.actAs"]}
[info] 
[info] === Deploying to 'br-ipti-visao'...
[info] 
[info] i  deploying functions 
[debug] [2024-08-09T01:49:33.307Z] >>> [apiv2][query] GET https://firebase.googleapis.com/v1beta1/projects/br-ipti-visao [none]
[debug] [2024-08-09T01:49:33.821Z] <<< [apiv2][status] GET https://firebase.googleapis.com/v1beta1/projects/br-ipti-visao 200
[debug] [2024-08-09T01:49:33.821Z] <<< [apiv2][body] GET https://firebase.googleapis.com/v1beta1/projects/br-ipti-visao {"projectId":"br-ipti-visao","projectNumber":"584971752908","displayName":"br-ipti-visao","name":"projects/br-ipti-visao","resources":{"hostingSite":"br-ipti-visao","realtimeDatabaseInstance":"br-ipti-visao-default-rtdb"},"state":"ACTIVE","etag":"1_98b806eb-9a17-48f7-8438-04b07fb9d220"}
[info] i  functions: preparing codebase default for deployment 
[info] i  functions: ensuring required API cloudfunctions.googleapis.com is enabled... 
[info] i  functions: ensuring required API cloudbuild.googleapis.com is enabled... 
[info] i  artifactregistry: ensuring required API artifactregistry.googleapis.com is enabled... 
[debug] [2024-08-09T01:49:33.826Z] >>> [apiv2][query] GET https://serviceusage.googleapis.com/v1/projects/br-ipti-visao/services/cloudfunctions.googleapis.com [none]
[debug] [2024-08-09T01:49:33.826Z] >>> [apiv2][(partial)header] GET https://serviceusage.googleapis.com/v1/projects/br-ipti-visao/services/cloudfunctions.googleapis.com x-goog-quota-user=projects/br-ipti-visao
[debug] [2024-08-09T01:49:33.829Z] >>> [apiv2][query] GET https://serviceusage.googleapis.com/v1/projects/br-ipti-visao/services/runtimeconfig.googleapis.com [none]
[debug] [2024-08-09T01:49:33.829Z] >>> [apiv2][(partial)header] GET https://serviceusage.googleapis.com/v1/projects/br-ipti-visao/services/runtimeconfig.googleapis.com x-goog-quota-user=projects/br-ipti-visao
[debug] [2024-08-09T01:49:33.832Z] >>> [apiv2][query] GET https://serviceusage.googleapis.com/v1/projects/br-ipti-visao/services/cloudbuild.googleapis.com [none]
[debug] [2024-08-09T01:49:33.832Z] >>> [apiv2][(partial)header] GET https://serviceusage.googleapis.com/v1/projects/br-ipti-visao/services/cloudbuild.googleapis.com x-goog-quota-user=projects/br-ipti-visao
[debug] [2024-08-09T01:49:33.835Z] >>> [apiv2][query] GET https://serviceusage.googleapis.com/v1/projects/br-ipti-visao/services/artifactregistry.googleapis.com [none]
[debug] [2024-08-09T01:49:33.835Z] >>> [apiv2][(partial)header] GET https://serviceusage.googleapis.com/v1/projects/br-ipti-visao/services/artifactregistry.googleapis.com x-goog-quota-user=projects/br-ipti-visao
[debug] [2024-08-09T01:49:35.081Z] <<< [apiv2][status] GET https://serviceusage.googleapis.com/v1/projects/br-ipti-visao/services/runtimeconfig.googleapis.com 200
[debug] [2024-08-09T01:49:35.081Z] <<< [apiv2][body] GET https://serviceusage.googleapis.com/v1/projects/br-ipti-visao/services/runtimeconfig.googleapis.com [omitted]
[debug] [2024-08-09T01:49:35.095Z] <<< [apiv2][status] GET https://serviceusage.googleapis.com/v1/projects/br-ipti-visao/services/artifactregistry.googleapis.com 200
[debug] [2024-08-09T01:49:35.095Z] <<< [apiv2][body] GET https://serviceusage.googleapis.com/v1/projects/br-ipti-visao/services/artifactregistry.googleapis.com [omitted]
[info] +  artifactregistry: required API artifactregistry.googleapis.com is enabled 
[debug] [2024-08-09T01:49:35.100Z] <<< [apiv2][status] GET https://serviceusage.googleapis.com/v1/projects/br-ipti-visao/services/cloudfunctions.googleapis.com 200
[debug] [2024-08-09T01:49:35.101Z] <<< [apiv2][body] GET https://serviceusage.googleapis.com/v1/projects/br-ipti-visao/services/cloudfunctions.googleapis.com [omitted]
[info] +  functions: required API cloudfunctions.googleapis.com is enabled 
[debug] [2024-08-09T01:49:35.106Z] <<< [apiv2][status] GET https://serviceusage.googleapis.com/v1/projects/br-ipti-visao/services/cloudbuild.googleapis.com 200
[debug] [2024-08-09T01:49:35.107Z] <<< [apiv2][body] GET https://serviceusage.googleapis.com/v1/projects/br-ipti-visao/services/cloudbuild.googleapis.com [omitted]
[info] +  functions: required API cloudbuild.googleapis.com is enabled 
[debug] [2024-08-09T01:49:35.108Z] >>> [apiv2][query] GET https://firebase.googleapis.com/v1beta1/projects/br-ipti-visao/adminSdkConfig [none]
[debug] [2024-08-09T01:49:35.590Z] <<< [apiv2][status] GET https://firebase.googleapis.com/v1beta1/projects/br-ipti-visao/adminSdkConfig 200
[debug] [2024-08-09T01:49:35.590Z] <<< [apiv2][body] GET https://firebase.googleapis.com/v1beta1/projects/br-ipti-visao/adminSdkConfig {"projectId":"br-ipti-visao","databaseURL":"https://br-ipti-visao-default-rtdb.firebaseio.com","storageBucket":"br-ipti-visao.appspot.com"}
[debug] [2024-08-09T01:49:35.591Z] >>> [apiv2][query] GET https://runtimeconfig.googleapis.com/v1beta1/projects/br-ipti-visao/configs [none]
[debug] [2024-08-09T01:49:36.254Z] <<< [apiv2][status] GET https://runtimeconfig.googleapis.com/v1beta1/projects/br-ipti-visao/configs 200
[debug] [2024-08-09T01:49:36.254Z] <<< [apiv2][body] GET https://runtimeconfig.googleapis.com/v1beta1/projects/br-ipti-visao/configs {}
[debug] [2024-08-09T01:49:36.256Z] Validating nodejs source
[debug] [2024-08-09T01:49:37.947Z] > [functions] package.json contents: {
  "name": "functions",
  "scripts": {
    "build": "tsc",
    "build:watch": "tsc --watch",
    "serve": "npm run build && firebase emulators:start --only functions",
    "shell": "npm run build && firebase functions:shell",
    "start": "npm run shell",
    "deploy": "firebase deploy --only functions",
    "logs": "firebase functions:log"
  },
  "engines": {
    "node": "18"
  },
  "main": "lib/index.js",
  "dependencies": {
    "@firebase/firestore": "^4.6.4",
    "firebase-admin": "^12.1.0",
    "firebase-functions": "^5.0.0"
  },
  "devDependencies": {
    "firebase-functions-test": "^3.1.0",
    "typescript": "^4.9.0"
  },
  "private": true
}
[debug] [2024-08-09T01:49:37.948Z] Building nodejs source
[info] i  functions: Loading and analyzing source code for codebase default to determine what to deploy 
[debug] [2024-08-09T01:49:37.951Z] Could not find functions.yaml. Must use http discovery
[debug] [2024-08-09T01:49:37.970Z] Found firebase-functions binary at 'C:\Users\Joanne\Documents\CodeJojo\br.ipti.visao\functions\node_modules\.bin\firebase-functions'
[info] Serving at port 8058

